This is pdfTeX, Version 3.14159265-2.6-1.40.18 (MiKTeX 2.9.6350 64-bit) (preloaded format=pdflatex 2017.9.20)  11 DEC 2017 13:40
entering extended mode
**"F:/Cao/我的论文/SECON/ND/Neighbor-Discover/Paper/Neighbor Discovery.tex"

("F:/Cao/我的论文/SECON/ND/Neighbor-Discover/Paper/Neighbor Discovery.tex"
LaTeX2e <2017-04-15>
Babel <3.10> and hyphenation patterns for 75 language(s) loaded.
(IEEEtran.cls
Document Class: IEEEtran 2012/12/27 V1.8 by Michael Shell
-- See the "IEEEtran_HOWTO" manual for usage information.
-- http://www.michaelshell.org/tex/ieeetran/
\@IEEEtrantmpdimenA=\dimen102
\@IEEEtrantmpdimenB=\dimen103
\@IEEEtrantmpcountA=\count79
\@IEEEtrantmpcountB=\count80
\@IEEEtrantmptoksA=\toks14
LaTeX Font Info:    Try loading font information for OT1+ptm on input line 368.

("C:\Program Files\MiKTeX 2.9\tex\latex\psnfss\ot1ptm.fd"
File: ot1ptm.fd 2001/06/04 font definitions for OT1/ptm.
)
-- Using 8.5in x 11in (letter) paper.
-- Using PDF output.
\@IEEEnormalsizeunitybaselineskip=\dimen104
-- This is a 10 point document.
\CLASSINFOnormalsizebaselineskip=\dimen105
\CLASSINFOnormalsizeunitybaselineskip=\dimen106
\IEEEnormaljot=\dimen107
LaTeX Font Info:    Font shape `OT1/ptm/bx/n' in size <5> not available
(Font)              Font shape `OT1/ptm/b/n' tried instead on input line 726.
LaTeX Font Info:    Font shape `OT1/ptm/bx/it' in size <5> not available
(Font)              Font shape `OT1/ptm/b/it' tried instead on input line 726.
LaTeX Font Info:    Font shape `OT1/ptm/bx/n' in size <7> not available
(Font)              Font shape `OT1/ptm/b/n' tried instead on input line 726.
LaTeX Font Info:    Font shape `OT1/ptm/bx/it' in size <7> not available
(Font)              Font shape `OT1/ptm/b/it' tried instead on input line 726.
LaTeX Font Info:    Font shape `OT1/ptm/bx/n' in size <8> not available
(Font)              Font shape `OT1/ptm/b/n' tried instead on input line 726.
LaTeX Font Info:    Font shape `OT1/ptm/bx/it' in size <8> not available
(Font)              Font shape `OT1/ptm/b/it' tried instead on input line 726.
LaTeX Font Info:    Font shape `OT1/ptm/bx/n' in size <9> not available
(Font)              Font shape `OT1/ptm/b/n' tried instead on input line 726.
LaTeX Font Info:    Font shape `OT1/ptm/bx/it' in size <9> not available
(Font)              Font shape `OT1/ptm/b/it' tried instead on input line 726.
LaTeX Font Info:    Font shape `OT1/ptm/bx/n' in size <10> not available
(Font)              Font shape `OT1/ptm/b/n' tried instead on input line 726.
LaTeX Font Info:    Font shape `OT1/ptm/bx/it' in size <10> not available
(Font)              Font shape `OT1/ptm/b/it' tried instead on input line 726.
LaTeX Font Info:    Font shape `OT1/ptm/bx/n' in size <11> not available
(Font)              Font shape `OT1/ptm/b/n' tried instead on input line 726.
LaTeX Font Info:    Font shape `OT1/ptm/bx/it' in size <11> not available
(Font)              Font shape `OT1/ptm/b/it' tried instead on input line 726.
LaTeX Font Info:    Font shape `OT1/ptm/bx/n' in size <12> not available
(Font)              Font shape `OT1/ptm/b/n' tried instead on input line 726.
LaTeX Font Info:    Font shape `OT1/ptm/bx/it' in size <12> not available
(Font)              Font shape `OT1/ptm/b/it' tried instead on input line 726.
LaTeX Font Info:    Font shape `OT1/ptm/bx/n' in size <17> not available
(Font)              Font shape `OT1/ptm/b/n' tried instead on input line 726.
LaTeX Font Info:    Font shape `OT1/ptm/bx/it' in size <17> not available
(Font)              Font shape `OT1/ptm/b/it' tried instead on input line 726.
LaTeX Font Info:    Font shape `OT1/ptm/bx/n' in size <20> not available
(Font)              Font shape `OT1/ptm/b/n' tried instead on input line 726.
LaTeX Font Info:    Font shape `OT1/ptm/bx/it' in size <20> not available
(Font)              Font shape `OT1/ptm/b/it' tried instead on input line 726.
LaTeX Font Info:    Font shape `OT1/ptm/bx/n' in size <24> not available
(Font)              Font shape `OT1/ptm/b/n' tried instead on input line 726.
LaTeX Font Info:    Font shape `OT1/ptm/bx/it' in size <24> not available
(Font)              Font shape `OT1/ptm/b/it' tried instead on input line 726.
\IEEEilabelindentA=\dimen108
\IEEEilabelindentB=\dimen109
\IEEEilabelindent=\dimen110
\IEEEelabelindent=\dimen111
\IEEEdlabelindent=\dimen112
\IEEElabelindent=\dimen113
\IEEEiednormlabelsep=\dimen114
\IEEEiedmathlabelsep=\dimen115
\IEEEiedtopsep=\skip41
\c@section=\count81
\c@subsection=\count82
\c@subsubsection=\count83
\c@paragraph=\count84
\c@IEEEsubequation=\count85
\abovecaptionskip=\skip42
\belowcaptionskip=\skip43
\c@figure=\count86
\c@table=\count87
\@IEEEeqnnumcols=\count88
\@IEEEeqncolcnt=\count89
\@IEEEsubeqnnumrollback=\count90
\@IEEEtmpitemindent=\dimen116
\c@IEEEbiography=\count91
\@IEEEtranrubishbin=\box26
) ("C:\Program Files\MiKTeX 2.9\tex\latex\amsmath\amsmath.sty"
Package: amsmath 2016/11/05 v2.16a AMS math features
\@mathmargin=\skip44

For additional information on amsmath, use the `?' option.
("C:\Program Files\MiKTeX 2.9\tex\latex\amsmath\amstext.sty"
Package: amstext 2000/06/29 v2.01 AMS text

("C:\Program Files\MiKTeX 2.9\tex\latex\amsmath\amsgen.sty"
File: amsgen.sty 1999/11/30 v2.0 generic functions
\@emptytoks=\toks15
\ex@=\dimen117
))
("C:\Program Files\MiKTeX 2.9\tex\latex\amsmath\amsbsy.sty"
Package: amsbsy 1999/11/29 v1.2d Bold Symbols
\pmbraise@=\dimen118
)
("C:\Program Files\MiKTeX 2.9\tex\latex\amsmath\amsopn.sty"
Package: amsopn 2016/03/08 v2.02 operator names
)
\inf@bad=\count92
LaTeX Info: Redefining \frac on input line 213.
\uproot@=\count93
\leftroot@=\count94
LaTeX Info: Redefining \overline on input line 375.
\classnum@=\count95
\DOTSCASE@=\count96
LaTeX Info: Redefining \ldots on input line 472.
LaTeX Info: Redefining \dots on input line 475.
LaTeX Info: Redefining \cdots on input line 596.
\Mathstrutbox@=\box27
\strutbox@=\box28
\big@size=\dimen119
LaTeX Font Info:    Redeclaring font encoding OML on input line 712.
LaTeX Font Info:    Redeclaring font encoding OMS on input line 713.
\macc@depth=\count97
\c@MaxMatrixCols=\count98
\dotsspace@=\muskip10
\c@parentequation=\count99
\dspbrk@lvl=\count100
\tag@help=\toks16
\row@=\count101
\column@=\count102
\maxfields@=\count103
\andhelp@=\toks17
\eqnshift@=\dimen120
\alignsep@=\dimen121
\tagshift@=\dimen122
\tagwidth@=\dimen123
\totwidth@=\dimen124
\lineht@=\dimen125
\@envbody=\toks18
\multlinegap=\skip45
\multlinetaggap=\skip46
\mathdisplay@stack=\toks19
LaTeX Info: Redefining \[ on input line 2817.
LaTeX Info: Redefining \] on input line 2818.
)
("C:\Program Files\MiKTeX 2.9\tex\latex\algorithms\algorithm.sty"
Package: algorithm 2009/08/24 v0.1 Document Style `algorithm' - floating enviro
nment

("C:\Program Files\MiKTeX 2.9\tex\latex\float\float.sty"
Package: float 2001/11/08 v1.3d Float enhancements (AL)
\c@float@type=\count104
\float@exts=\toks20
\float@box=\box29
\@float@everytoks=\toks21
\@floatcapt=\box30
)
("C:\Program Files\MiKTeX 2.9\tex\latex\base\ifthen.sty"
Package: ifthen 2014/09/29 v1.1c Standard LaTeX ifthen package (DPC)
)
\@float@every@algorithm=\toks22
\c@algorithm=\count105
)
("C:\Program Files\MiKTeX 2.9\tex\latex\algorithms\algorithmic.sty"
Package: algorithmic 2009/08/24 v0.1 Document Style `algorithmic'

("C:\Program Files\MiKTeX 2.9\tex\latex\graphics\keyval.sty"
Package: keyval 2014/10/28 v1.15 key=value parser (DPC)
\KV@toks@=\toks23
)
\c@ALC@unique=\count106
\c@ALC@line=\count107
\c@ALC@rem=\count108
\c@ALC@depth=\count109
\ALC@tlm=\skip47
\algorithmicindent=\skip48
)
("C:\Program Files\MiKTeX 2.9\tex\latex\graphics\graphicx.sty"
Package: graphicx 2014/10/28 v1.0g Enhanced LaTeX Graphics (DPC,SPQR)

("C:\Program Files\MiKTeX 2.9\tex\latex\graphics\graphics.sty"
Package: graphics 2017/04/14 v1.1b Standard LaTeX Graphics (DPC,SPQR)

("C:\Program Files\MiKTeX 2.9\tex\latex\graphics\trig.sty"
Package: trig 2016/01/03 v1.10 sin cos tan (DPC)
)
("C:\Program Files\MiKTeX 2.9\tex\latex\graphics-cfg\graphics.cfg"
File: graphics.cfg 2016/06/04 v1.11 sample graphics configuration
)
Package graphics Info: Driver file: pdftex.def on input line 99.

("C:\Program Files\MiKTeX 2.9\tex\latex\graphics-def\pdftex.def"
File: pdftex.def 2017/01/12 v0.06k Graphics/color for pdfTeX

("C:\Program Files\MiKTeX 2.9\tex\generic\oberdiek\infwarerr.sty"
Package: infwarerr 2016/05/16 v1.4 Providing info/warning/error messages (HO)
)
("C:\Program Files\MiKTeX 2.9\tex\generic\oberdiek\ltxcmds.sty"
Package: ltxcmds 2016/05/16 v1.23 LaTeX kernel commands for general use (HO)
)
\Gread@gobject=\count110
))
\Gin@req@height=\dimen126
\Gin@req@width=\dimen127
)
("C:\Program Files\MiKTeX 2.9\tex\latex\cite\cite.sty"
LaTeX Info: Redefining \cite on input line 302.
LaTeX Info: Redefining \nocite on input line 332.
Package: cite 2015/02/27  v 5.5
)
("C:\Program Files\MiKTeX 2.9\tex\latex\tools\array.sty"
Package: array 2016/10/06 v2.4d Tabular extension package (FMi)
\col@sep=\dimen128
\extrarowheight=\dimen129
\NC@list=\toks24
\extratabsurround=\skip49
\backup@length=\skip50
)
("C:\Program Files\MiKTeX 2.9\tex\latex\cases\cases.sty"
Package: cases 2002/05/02 ver 2.5 
)
("C:\Program Files\MiKTeX 2.9\tex\latex\booktabs\booktabs.sty"
Package: booktabs 2005/04/14 v1.61803 publication quality tables
\heavyrulewidth=\dimen130
\lightrulewidth=\dimen131
\cmidrulewidth=\dimen132
\belowrulesep=\dimen133
\belowbottomsep=\dimen134
\aboverulesep=\dimen135
\abovetopsep=\dimen136
\cmidrulesep=\dimen137
\cmidrulekern=\dimen138
\defaultaddspace=\dimen139
\@cmidla=\count111
\@cmidlb=\count112
\@aboverulesep=\dimen140
\@belowrulesep=\dimen141
\@thisruleclass=\count113
\@lastruleclass=\count114
\@thisrulewidth=\dimen142
)
("C:\Program Files\MiKTeX 2.9\tex\latex\multirow\multirow.sty"
Package: multirow 2016/11/25 v2.2 Span multiple rows of a table
\multirow@colwidth=\skip51
\multirow@cntb=\count115
\multirow@dima=\skip52
\bigstrutjot=\dimen143
)
("C:\Program Files\MiKTeX 2.9\tex\latex\graphics\epsfig.sty"
Package: epsfig 1999/02/16 v1.7a (e)psfig emulation (SPQR)
\epsfxsize=\dimen144
\epsfysize=\dimen145
)
("C:\Program Files\MiKTeX 2.9\tex\latex\subfigure\subfigure.sty"
Package: subfigure 2002/07/30 v2.1.4 subfigure package
\subfigtopskip=\skip53
\subfigcapskip=\skip54
\subfigcaptopadj=\dimen146
\subfigbottomskip=\skip55
\subfigcapmargin=\dimen147
\subfiglabelskip=\skip56
\c@subfigure=\count116
\c@lofdepth=\count117
\c@subtable=\count118
\c@lotdepth=\count119

****************************************
* Local config file subfigure.cfg used *
****************************************
("C:\Program Files\MiKTeX 2.9\tex\latex\subfigure\subfigure.cfg")
\subfig@top=\skip57
\subfig@bottom=\skip58
)
("C:\Program Files\MiKTeX 2.9\tex\latex\esint\esint.sty"
Package: esint 
\symlargesymbolsA=\mathgroup4
)
\c@definition=\count120
\c@theorem=\count121
\c@proposition=\count122
\c@corollary=\count123
\c@lemma=\count124
\c@remark=\count125
\c@problem=\count126

("Neighbor Discovery.aux")
\openout1 = `"Neighbor Discovery.aux"'.

LaTeX Font Info:    Checking defaults for OML/cmm/m/it on input line 31.
LaTeX Font Info:    ... okay on input line 31.
LaTeX Font Info:    Checking defaults for T1/cmr/m/n on input line 31.
LaTeX Font Info:    ... okay on input line 31.
LaTeX Font Info:    Checking defaults for OT1/cmr/m/n on input line 31.
LaTeX Font Info:    ... okay on input line 31.
LaTeX Font Info:    Checking defaults for OMS/cmsy/m/n on input line 31.
LaTeX Font Info:    ... okay on input line 31.
LaTeX Font Info:    Checking defaults for OMX/cmex/m/n on input line 31.
LaTeX Font Info:    ... okay on input line 31.
LaTeX Font Info:    Checking defaults for U/cmr/m/n on input line 31.
LaTeX Font Info:    ... okay on input line 31.

("C:\Program Files\MiKTeX 2.9\tex\context\base\supp-pdf.mkii"
[Loading MPS to PDF converter (version 2006.09.02).]
\scratchcounter=\count127
\scratchdimen=\dimen148
\scratchbox=\box31
\nofMPsegments=\count128
\nofMParguments=\count129
\everyMPshowfont=\toks25
\MPscratchCnt=\count130
\MPscratchDim=\dimen149
\MPnumerator=\count131
\makeMPintoPDFobject=\count132
\everyMPtoPDFconversion=\toks26
) ("C:\Program Files\MiKTeX 2.9\tex\generic\oberdiek\pdftexcmds.sty"
Package: pdftexcmds 2017/03/19 v0.25 Utility functions of pdfTeX for LuaTeX (HO
)

("C:\Program Files\MiKTeX 2.9\tex\generic\oberdiek\ifluatex.sty"
Package: ifluatex 2016/05/16 v1.4 Provides the ifluatex switch (HO)
Package ifluatex Info: LuaTeX not detected.
)
("C:\Program Files\MiKTeX 2.9\tex\generic\oberdiek\ifpdf.sty"
Package: ifpdf 2017/03/15 v3.2 Provides the ifpdf switch
)
Package pdftexcmds Info: LuaTeX not detected.
Package pdftexcmds Info: \pdf@primitive is available.
Package pdftexcmds Info: \pdf@ifprimitive is available.
Package pdftexcmds Info: \pdfdraftmode found.
)
("C:\Program Files\MiKTeX 2.9\tex\latex\oberdiek\epstopdf-base.sty"
Package: epstopdf-base 2016/05/15 v2.6 Base part for package epstopdf

("C:\Program Files\MiKTeX 2.9\tex\latex\oberdiek\grfext.sty"
Package: grfext 2016/05/16 v1.2 Manage graphics extensions (HO)

("C:\Program Files\MiKTeX 2.9\tex\generic\oberdiek\kvdefinekeys.sty"
Package: kvdefinekeys 2016/05/16 v1.4 Define keys (HO)
))
("C:\Program Files\MiKTeX 2.9\tex\latex\oberdiek\kvoptions.sty"
Package: kvoptions 2016/05/16 v3.12 Key value format for package options (HO)

("C:\Program Files\MiKTeX 2.9\tex\generic\oberdiek\kvsetkeys.sty"
Package: kvsetkeys 2016/05/16 v1.17 Key value parser (HO)

("C:\Program Files\MiKTeX 2.9\tex\generic\oberdiek\etexcmds.sty"
Package: etexcmds 2016/05/16 v1.6 Avoid name clashes with e-TeX commands (HO)
Package etexcmds Info: Could not find \expanded.
(etexcmds)             That can mean that you are not using pdfTeX 1.50 or
(etexcmds)             that some package has redefined \expanded.
(etexcmds)             In the latter case, load this package earlier.
)))
Package epstopdf-base Info: Redefining graphics rule for `.eps' on input line 4
38.
Package grfext Info: Graphics extension search list:
(grfext)             [.png,.pdf,.jpg,.mps,.jpeg,.jbig2,.jb2,.PNG,.PDF,.JPG,.JPE
G,.JBIG2,.JB2,.eps]
(grfext)             \AppendGraphicsExtensions on input line 456.
)

LaTeX Warning: No \author given.


LaTeX Warning: No \author given.

(abstract.tex) (Introduction.tex
LaTeX Font Info:    Try loading font information for U+esint on input line 93.

("C:\Program Files\MiKTeX 2.9\tex\latex\esint\uesint.fd"
File: uesint.fd 
)
Package epstopdf Info: Source file: <./Figure/uniform.eps>
(epstopdf)                    date: 2017-12-11 10:51:51
(epstopdf)                    size: 3884 bytes
(epstopdf)             Output file: <./Figure/uniform-eps-converted-to.pdf>
(epstopdf)                    date: 2017-12-11 11:06:33
(epstopdf)                    size: 19251 bytes
(epstopdf)             Command: <epstopdf --outfile=./Figure/uniform-eps-conver
ted-to.pdf ./Figure/uniform.eps>
(epstopdf)             \includegraphics on input line 102.
Package epstopdf Info: Output file is already uptodate.

<./Figure/uniform-eps-converted-to.pdf, id=1, 276.03125pt x 268.00125pt>
File: ./Figure/uniform-eps-converted-to.pdf Graphic file (type pdf)

<use ./Figure/uniform-eps-converted-to.pdf>
Package pdftex.def Info: ./Figure/uniform-eps-converted-to.pdf used on input li
ne 102.
(pdftex.def)             Requested size: 122.85876pt x 119.28674pt.
Package epstopdf Info: Source file: <./Figure/normal.eps>
(epstopdf)                    date: 2017-12-11 10:51:54
(epstopdf)                    size: 4821 bytes
(epstopdf)             Output file: <./Figure/normal-eps-converted-to.pdf>
(epstopdf)                    date: 2017-12-11 11:06:32
(epstopdf)                    size: 25433 bytes
(epstopdf)             Command: <epstopdf --outfile=./Figure/normal-eps-convert
ed-to.pdf ./Figure/normal.eps>
(epstopdf)             \includegraphics on input line 104.
Package epstopdf Info: Output file is already uptodate.

<./Figure/normal-eps-converted-to.pdf, id=2, 276.03125pt x 268.00125pt>
File: ./Figure/normal-eps-converted-to.pdf Graphic file (type pdf)

<use ./Figure/normal-eps-converted-to.pdf>
Package pdftex.def Info: ./Figure/normal-eps-converted-to.pdf used on input lin
e 104.
(pdftex.def)             Requested size: 122.85876pt x 119.28674pt.

Underfull \hbox (badness 1577) in paragraph at lines 127--132
[]\OT1/ptm/m/n/10 For energy-efficient net-works, we de-sign de-ter-min-is-tic
 []


Underfull \hbox (badness 2318) in paragraph at lines 127--132
\OT1/ptm/m/n/10 meth-ods to align the wake-up time slots be-tween the
 []

[1{C:/ProgramData/MiKTeX/2.9/pdftex/config/pdftex.map}


 <./Figure/uniform-eps-converted-to.pdf> <./Figure/normal-eps-converted-to.pdf>
]) (RelatedWork.tex)
(Preliminaries.tex [2]
Package epstopdf Info: Source file: <./Figure/topology.eps>
(epstopdf)                    date: 2017-12-11 11:06:33
(epstopdf)                    size: 25895 bytes
(epstopdf)             Output file: <./Figure/topology-eps-converted-to.pdf>
(epstopdf)                    date: 2017-12-11 11:06:33
(epstopdf)                    size: 10909 bytes
(epstopdf)             Command: <epstopdf --outfile=./Figure/topology-eps-conve
rted-to.pdf ./Figure/topology.eps>
(epstopdf)             \includegraphics on input line 175.
Package epstopdf Info: Output file is already uptodate.

<./Figure/topology-eps-converted-to.pdf, id=34, 348.30125pt x 189.70876pt>
File: ./Figure/topology-eps-converted-to.pdf Graphic file (type pdf)

<use ./Figure/topology-eps-converted-to.pdf>
Package pdftex.def Info: ./Figure/topology-eps-converted-to.pdf used on input l
ine 175.
(pdftex.def)             Requested size: 119.24506pt x 64.94879pt.
Package epstopdf Info: Source file: <./Figure/NBexample.eps>
(epstopdf)                    date: 2017-12-11 11:06:32
(epstopdf)                    size: 55432 bytes
(epstopdf)             Output file: <./Figure/NBexample-eps-converted-to.pdf>
(epstopdf)                    date: 2017-12-11 11:06:32
(epstopdf)                    size: 18715 bytes
(epstopdf)             Command: <epstopdf --outfile=./Figure/NBexample-eps-conv
erted-to.pdf ./Figure/NBexample.eps>
(epstopdf)             \includegraphics on input line 177.
Package epstopdf Info: Output file is already uptodate.

<./Figure/NBexample-eps-converted-to.pdf, id=35, 628.3475pt x 239.89626pt>
File: ./Figure/NBexample-eps-converted-to.pdf Graphic file (type pdf)

<use ./Figure/NBexample-eps-converted-to.pdf>
Package pdftex.def Info: ./Figure/NBexample-eps-converted-to.pdf used on input 
line 177.
(pdftex.def)             Requested size: 202.35622pt x 77.2552pt.


LaTeX Warning: `!h' float specifier changed to `!ht'.

[3]) (A.tex
Underfull \hbox (badness 4647) in paragraph at lines 70--71
[] []\OT1/ptm/m/n/10 Listen on the chan-nel and de-code the node
 []

[4 <./Figure/topology-eps-converted-to.pdf> <./Figure/NBexample-eps-converted-t
o.pdf>]) (B.tex [5]
Package epstopdf Info: Source file: <./Figure/matrix.eps>
(epstopdf)                    date: 2017-12-11 11:06:32
(epstopdf)                    size: 34840 bytes
(epstopdf)             Output file: <./Figure/matrix-eps-converted-to.pdf>
(epstopdf)                    date: 2017-12-11 11:06:32
(epstopdf)                    size: 12348 bytes
(epstopdf)             Command: <epstopdf --outfile=./Figure/matrix-eps-convert
ed-to.pdf ./Figure/matrix.eps>
(epstopdf)             \includegraphics on input line 77.
Package epstopdf Info: Output file is already uptodate.

<./Figure/matrix-eps-converted-to.pdf, id=73, 441.65pt x 301.125pt>
File: ./Figure/matrix-eps-converted-to.pdf Graphic file (type pdf)

<use ./Figure/matrix-eps-converted-to.pdf>
Package pdftex.def Info: ./Figure/matrix-eps-converted-to.pdf used on input lin
e 77.
(pdftex.def)             Requested size: 144.54pt x 98.54907pt.


LaTeX Warning: `!h' float specifier changed to `!ht'.

[6 <./Figure/matrix-eps-converted-to.pdf>]
Package epstopdf Info: Source file: <./Figure/TP.eps>
(epstopdf)                    date: 2017-12-11 11:06:32
(epstopdf)                    size: 63795 bytes
(epstopdf)             Output file: <./Figure/TP-eps-converted-to.pdf>
(epstopdf)                    date: 2017-12-11 11:06:32
(epstopdf)                    size: 23047 bytes
(epstopdf)             Command: <epstopdf --outfile=./Figure/TP-eps-converted-t
o.pdf ./Figure/TP.eps>
(epstopdf)             \includegraphics on input line 224.
Package epstopdf Info: Output file is already uptodate.

<./Figure/TP-eps-converted-to.pdf, id=98, 431.6125pt x 396.48125pt>
File: ./Figure/TP-eps-converted-to.pdf Graphic file (type pdf)

<use ./Figure/TP-eps-converted-to.pdf>
Package pdftex.def Info: ./Figure/TP-eps-converted-to.pdf used on input line 22
4.
(pdftex.def)             Requested size: 144.54pt x 132.77515pt.


LaTeX Warning: `!h' float specifier changed to `!ht'.

) (Evaluation.tex [7 <./Figure/TP-eps-converted-to.pdf>]
Package epstopdf Info: Source file: <Figure/latency_uniform.eps>
(epstopdf)                    date: 2017-12-11 11:06:32
(epstopdf)                    size: 68887 bytes
(epstopdf)             Output file: <Figure/latency_uniform-eps-converted-to.pd
f>
(epstopdf)                    date: 2017-12-11 11:06:32
(epstopdf)                    size: 25815 bytes
(epstopdf)             Command: <epstopdf --outfile=Figure/latency_uniform-eps-
converted-to.pdf Figure/latency_uniform.eps>
(epstopdf)             \includegraphics on input line 27.
Package epstopdf Info: Output file is already uptodate.

<Figure/latency_uniform-eps-converted-to.pdf, id=114, 466.74374pt x 261.97874pt
>
File: Figure/latency_uniform-eps-converted-to.pdf Graphic file (type pdf)
 <use Figure/latency_uniform-eps-converted-to.pdf>
Package pdftex.def Info: Figure/latency_uniform-eps-converted-to.pdf used on in
put line 27.
(pdftex.def)             Requested size: 119.24506pt x 66.92961pt.
Package epstopdf Info: Source file: <Figure/latency_normal.eps>
(epstopdf)                    date: 2017-12-11 11:06:32
(epstopdf)                    size: 68903 bytes
(epstopdf)             Output file: <Figure/latency_normal-eps-converted-to.pdf
>
(epstopdf)                    date: 2017-12-11 11:06:32
(epstopdf)                    size: 25756 bytes
(epstopdf)             Command: <epstopdf --outfile=Figure/latency_normal-eps-c
onverted-to.pdf Figure/latency_normal.eps>
(epstopdf)             \includegraphics on input line 29.
Package epstopdf Info: Output file is already uptodate.

<Figure/latency_normal-eps-converted-to.pdf, id=115, 466.74374pt x 261.97874pt>
File: Figure/latency_normal-eps-converted-to.pdf Graphic file (type pdf)
<use Figure/latency_normal-eps-converted-to.pdf>
Package pdftex.def Info: Figure/latency_normal-eps-converted-to.pdf used on inp
ut line 29.
(pdftex.def)             Requested size: 119.24506pt x 66.92961pt.
Package epstopdf Info: Source file: <Figure/rate_uniform1.eps>
(epstopdf)                    date: 2017-12-11 11:06:33
(epstopdf)                    size: 95625 bytes
(epstopdf)             Output file: <Figure/rate_uniform1-eps-converted-to.pdf>

(epstopdf)                    date: 2017-12-11 11:06:33
(epstopdf)                    size: 40472 bytes
(epstopdf)             Command: <epstopdf --outfile=Figure/rate_uniform1-eps-co
nverted-to.pdf Figure/rate_uniform1.eps>
(epstopdf)             \includegraphics on input line 59.
Package epstopdf Info: Output file is already uptodate.

<Figure/rate_uniform1-eps-converted-to.pdf, id=116, 412.54124pt x 288.07625pt>
File: Figure/rate_uniform1-eps-converted-to.pdf Graphic file (type pdf)

<use Figure/rate_uniform1-eps-converted-to.pdf>
Package pdftex.def Info: Figure/rate_uniform1-eps-converted-to.pdf used on inpu
t line 59.
(pdftex.def)             Requested size: 119.24506pt x 83.26743pt.

Underfull \hbox (badness 10000) in paragraph at lines 59--59
[]\OT1/ptm/m/n/8 (a) Uni-form Dis-tri-bu-tion with
 []

Package epstopdf Info: Source file: <Figure/rate_normal1.eps>
(epstopdf)                    date: 2017-12-11 11:06:33
(epstopdf)                    size: 88754 bytes
(epstopdf)             Output file: <Figure/rate_normal1-eps-converted-to.pdf>
(epstopdf)                    date: 2017-12-11 11:06:33
(epstopdf)                    size: 38670 bytes
(epstopdf)             Command: <epstopdf --outfile=Figure/rate_normal1-eps-con
verted-to.pdf Figure/rate_normal1.eps>
(epstopdf)             \includegraphics on input line 61.
Package epstopdf Info: Output file is already uptodate.
<Figure/rate_normal1-eps-converted-to.pdf, id=117, 412.54124pt x 288.07625pt>
File: Figure/rate_normal1-eps-converted-to.pdf Graphic file (type pdf)

<use Figure/rate_normal1-eps-converted-to.pdf>
Package pdftex.def Info: Figure/rate_normal1-eps-converted-to.pdf used on input
 line 61.
(pdftex.def)             Requested size: 119.24506pt x 83.26743pt.
Package epstopdf Info: Source file: <Figure/rate_local_uniform1.eps>
(epstopdf)                    date: 2017-12-11 11:06:33
(epstopdf)                    size: 91455 bytes
(epstopdf)             Output file: <Figure/rate_local_uniform1-eps-converted-t
o.pdf>
(epstopdf)                    date: 2017-12-11 11:06:33
(epstopdf)                    size: 39645 bytes
(epstopdf)             Command: <epstopdf --outfile=Figure/rate_local_uniform1-
eps-converted-to.pdf Figure/rate_local_uniform1.eps>
(epstopdf)             \includegraphics on input line 63.
Package epstopdf Info: Output file is already uptodate.

<Figure/rate_local_uniform1-eps-converted-to.pdf, id=118, 412.54124pt x 288.076
25pt>
File: Figure/rate_local_uniform1-eps-converted-to.pdf Graphic file (type pdf)
 <use Figure/rate_local_uniform1-eps-converted-to.pdf>
Package pdftex.def Info: Figure/rate_local_uniform1-eps-converted-to.pdf used o
n input line 63.
(pdftex.def)             Requested size: 119.24506pt x 83.26743pt.
Package epstopdf Info: Source file: <Figure/rate_local_normal1.eps>
(epstopdf)                    date: 2017-12-11 11:06:32
(epstopdf)                    size: 88177 bytes
(epstopdf)             Output file: <Figure/rate_local_normal1-eps-converted-to
.pdf>
(epstopdf)                    date: 2017-12-11 11:06:32
(epstopdf)                    size: 38581 bytes
(epstopdf)             Command: <epstopdf --outfile=Figure/rate_local_normal1-e
ps-converted-to.pdf Figure/rate_local_normal1.eps>
(epstopdf)             \includegraphics on input line 65.
Package epstopdf Info: Output file is already uptodate.

<Figure/rate_local_normal1-eps-converted-to.pdf, id=119, 412.54124pt x 288.0762
5pt>
File: Figure/rate_local_normal1-eps-converted-to.pdf Graphic file (type pdf)
 <use Figure/rate_local_normal1-eps-converted-to.pdf>
Package pdftex.def Info: Figure/rate_local_normal1-eps-converted-to.pdf used on
 input line 65.
(pdftex.def)             Requested size: 119.24506pt x 83.26743pt.
Package epstopdf Info: Source file: <Figure/dutycycle_uniform.eps>
(epstopdf)                    date: 2017-12-11 11:06:32
(epstopdf)                    size: 48298 bytes
(epstopdf)             Output file: <Figure/dutycycle_uniform-eps-converted-to.
pdf>
(epstopdf)                    date: 2017-12-11 11:06:32
(epstopdf)                    size: 24653 bytes
(epstopdf)             Command: <epstopdf --outfile=Figure/dutycycle_uniform-ep
s-converted-to.pdf Figure/dutycycle_uniform.eps>
(epstopdf)             \includegraphics on input line 84.
Package epstopdf Info: Output file is already uptodate.

<Figure/dutycycle_uniform-eps-converted-to.pdf, id=120, 412.54124pt x 290.08376
pt>
File: Figure/dutycycle_uniform-eps-converted-to.pdf Graphic file (type pdf)
 <use Figure/dutycycle_uniform-eps-converted-to.pdf>
Package pdftex.def Info: Figure/dutycycle_uniform-eps-converted-to.pdf used on 
input line 84.
(pdftex.def)             Requested size: 119.24506pt x 83.84769pt.
Package epstopdf Info: Source file: <Figure/dutycycle_normal.eps>
(epstopdf)                    date: 2017-12-11 11:06:32
(epstopdf)                    size: 49031 bytes
(epstopdf)             Output file: <Figure/dutycycle_normal-eps-converted-to.p
df>
(epstopdf)                    date: 2017-12-11 11:06:32
(epstopdf)                    size: 25251 bytes
(epstopdf)             Command: <epstopdf --outfile=Figure/dutycycle_normal-eps
-converted-to.pdf Figure/dutycycle_normal.eps>
(epstopdf)             \includegraphics on input line 86.
Package epstopdf Info: Output file is already uptodate.

<Figure/dutycycle_normal-eps-converted-to.pdf, id=121, 412.54124pt x 290.08376p
t>
File: Figure/dutycycle_normal-eps-converted-to.pdf Graphic file (type pdf)
 <use Figure/dutycycle_normal-eps-converted-to.pdf>
Package pdftex.def Info: Figure/dutycycle_normal-eps-converted-to.pdf used on i
nput line 86.
(pdftex.def)             Requested size: 119.24506pt x 83.84769pt.
Package epstopdf Info: Source file: <Figure/node_uniform.eps>
(epstopdf)                    date: 2017-12-11 11:06:32
(epstopdf)                    size: 81588 bytes
(epstopdf)             Output file: <Figure/node_uniform-eps-converted-to.pdf>
(epstopdf)                    date: 2017-12-11 11:06:32
(epstopdf)                    size: 30765 bytes
(epstopdf)             Command: <epstopdf --outfile=Figure/node_uniform-eps-con
verted-to.pdf Figure/node_uniform.eps>
(epstopdf)             \includegraphics on input line 100.
Package epstopdf Info: Output file is already uptodate.

<Figure/node_uniform-eps-converted-to.pdf, id=122, 466.74374pt x 288.07625pt>
File: Figure/node_uniform-eps-converted-to.pdf Graphic file (type pdf)

<use Figure/node_uniform-eps-converted-to.pdf>
Package pdftex.def Info: Figure/node_uniform-eps-converted-to.pdf used on input
 line 100.
(pdftex.def)             Requested size: 119.24506pt x 73.59692pt.
Package epstopdf Info: Source file: <Figure/node_normal.eps>
(epstopdf)                    date: 2017-12-11 11:06:32
(epstopdf)                    size: 81596 bytes
(epstopdf)             Output file: <Figure/node_normal-eps-converted-to.pdf>
(epstopdf)                    date: 2017-12-11 11:06:32
(epstopdf)                    size: 30752 bytes
(epstopdf)             Command: <epstopdf --outfile=Figure/node_normal-eps-conv
erted-to.pdf Figure/node_normal.eps>
(epstopdf)             \includegraphics on input line 102.
Package epstopdf Info: Output file is already uptodate.

<Figure/node_normal-eps-converted-to.pdf, id=123, 466.74374pt x 282.05376pt>
File: Figure/node_normal-eps-converted-to.pdf Graphic file (type pdf)

<use Figure/node_normal-eps-converted-to.pdf>
Package pdftex.def Info: Figure/node_normal-eps-converted-to.pdf used on input 
line 102.
(pdftex.def)             Requested size: 119.24506pt x 72.05832pt.
Package epstopdf Info: Source file: <Figure/robust.eps>
(epstopdf)                    date: 2017-12-11 10:45:23
(epstopdf)                    size: 27941 bytes
(epstopdf)             Output file: <Figure/robust-eps-converted-to.pdf>
(epstopdf)                    date: 2017-12-11 12:26:29
(epstopdf)                    size: 16986 bytes
(epstopdf)             Command: <epstopdf --outfile=Figure/robust-eps-converted
-to.pdf Figure/robust.eps>
(epstopdf)             \includegraphics on input line 112.
Package epstopdf Info: Output file is already uptodate.

<Figure/robust-eps-converted-to.pdf, id=124, 426.59375pt x 288.07625pt>
File: Figure/robust-eps-converted-to.pdf Graphic file (type pdf)

<use Figure/robust-eps-converted-to.pdf>
Package pdftex.def Info: Figure/robust-eps-converted-to.pdf used on input line 
112.
(pdftex.def)             Requested size: 180.67499pt x 122.01099pt.
) (Conclusion.tex [8 <./Figure/latency_uniform-eps-converted-to.pdf> <./Figure/
latency_normal-eps-converted-to.pdf> <./Figure/rate_uniform1-eps-converted-to.p
df> <./Figure/rate_normal1-eps-converted-to.pdf> <./Figure/rate_local_uniform1-
eps-converted-to.pdf> <./Figure/rate_local_normal1-eps-converted-to.pdf> <./Fig
ure/dutycycle_uniform-eps-converted-to.pdf> <./Figure/dutycycle_normal-eps-conv
erted-to.pdf> <./Figure/node_uniform-eps-converted-to.pdf> <./Figure/node_norma
l-eps-converted-to.pdf>])
("Neighbor Discovery.bbl"
Underfull \hbox (badness 2680) in paragraph at lines 81--85
\OT1/ptm/m/it/8 Com-mu-ni-ca-tions, IEEE IN-FO-COM 2016-The 35th An-nual IEEE
 []


Underfull \hbox (badness 1681) in paragraph at lines 100--104
[]\OT1/ptm/m/n/8 L. You, Z. Yuan, P. Yang, and G. Chen, ``Aloha-like neigh-bor
 []

)

** Conference Paper **
Before submitting the final camera ready copy, remember to:

 1. Manually equalize the lengths of two columns on the last page
 of your paper;

 2. Ensure that any PostScript and/or PDF output post-processing
 uses only Type 1 fonts and that every step in the generation
 process uses the appropriate paper size.

[9 <./Figure/robust-eps-converted-to.pdf>] ("Neighbor Discovery.aux") ) 
Here is how much of TeX's memory you used:
 3817 strings out of 493323
 57339 string characters out of 3139072
 128778 words of memory out of 3000000
 7229 multiletter control sequences out of 15000+200000
 42728 words of font info for 84 fonts, out of 3000000 for 9000
 1144 hyphenation exceptions out of 8191
 39i,16n,25p,703b,461s stack positions out of 5000i,500n,10000p,200000b,50000s
{C:/Prog
ram Files/MiKTeX 2.9/fonts/enc/dvips/base/8r.enc}<C:/Program Files/MiKTeX 2.9/f
onts/type1/public/amsfonts/cm/cmex10.pfb><C:/Program Files/MiKTeX 2.9/fonts/typ
e1/public/amsfonts/cm/cmmi10.pfb><C:/Program Files/MiKTeX 2.9/fonts/type1/publi
c/amsfonts/cm/cmmi5.pfb><C:/Program Files/MiKTeX 2.9/fonts/type1/public/amsfont
s/cm/cmmi6.pfb><C:/Program Files/MiKTeX 2.9/fonts/type1/public/amsfonts/cm/cmmi
7.pfb><C:/Program Files/MiKTeX 2.9/fonts/type1/public/amsfonts/cm/cmmi8.pfb><C:
/Program Files/MiKTeX 2.9/fonts/type1/public/amsfonts/cm/cmr10.pfb><C:/Program 
Files/MiKTeX 2.9/fonts/type1/public/amsfonts/cm/cmr5.pfb><C:/Program Files/MiKT
eX 2.9/fonts/type1/public/amsfonts/cm/cmr6.pfb><C:/Program Files/MiKTeX 2.9/fon
ts/type1/public/amsfonts/cm/cmr7.pfb><C:/Program Files/MiKTeX 2.9/fonts/type1/p
ublic/amsfonts/cm/cmr8.pfb><C:/Program Files/MiKTeX 2.9/fonts/type1/public/amsf
onts/cm/cmsy10.pfb><C:/Program Files/MiKTeX 2.9/fonts/type1/public/amsfonts/cm/
cmsy5.pfb><C:/Program Files/MiKTeX 2.9/fonts/type1/public/amsfonts/cm/cmsy7.pfb
><C:/Program Files/MiKTeX 2.9/fonts/type1/public/amsfonts/cm/cmsy8.pfb><C:/Prog
ram Files/MiKTeX 2.9/fonts/type1/public/esint/esint10.pfb><C:/Program Files/MiK
TeX 2.9/fonts/type1/urw/times/utmb8a.pfb><C:/Program Files/MiKTeX 2.9/fonts/typ
e1/urw/times/utmbi8a.pfb><C:/Program Files/MiKTeX 2.9/fonts/type1/urw/times/utm
r8a.pfb><C:/Program Files/MiKTeX 2.9/fonts/type1/urw/times/utmri8a.pfb>
Output written on "Neighbor Discovery.pdf" (9 pages, 688582 bytes).
PDF statistics:
 700 PDF objects out of 1000 (max. 8388607)
 0 named destinations out of 1000 (max. 500000)
 86 words of extra memory for PDF output out of 10000 (max. 10000000)

